2024-10-04 18:56:38.4981|INFO|Adidy.Log.LoggerManager|test log
2024-10-04 18:59:25.4967|INFO|Adidy.Log.LoggerManager|test log
2024-10-04 18:59:28.0292|INFO|Adidy.Log.LoggerManager|test log
2024-10-04 19:01:33.9654|INFO|Adidy.Log.LoggerManager|test log
2024-10-04 19:02:37.2088|INFO|Adidy.Log.LoggerManager|test log
2024-10-04 19:07:32.2160|INFO|Adidy.Log.LoggerManager|test log
2024-10-04 19:09:38.6640|INFO|Adidy.Log.LoggerManager|test log
2024-10-04 19:12:51.6901|INFO|Adidy.Log.LoggerManager|test log
2024-10-04 19:13:06.2865|INFO|Adidy.Log.LoggerManager|test log
2024-10-04 19:15:44.4168|INFO|Adidy.Log.LoggerManager|test log
2024-10-04 21:30:46.2166|INFO|Adidy.Log.LoggerManager|test log
2024-10-04 21:30:48.9280|INFO|Adidy.Log.LoggerManager|test log
2024-10-04 23:10:56.5869|INFO|Adidy.Log.LoggerManager|Debut import
2024-10-04 23:10:56.6413|ERROR|Adidy.Log.LoggerManager|   at CsvHelper.Expressions.ObjectRecordCreator.CreateCreateRecordDelegate(Type recordType)
   at CsvHelper.Expressions.RecordCreator.GetCreateRecordDelegate[T](Type recordType)
   at CsvHelper.Expressions.RecordManager.GetReadDelegate[T](Type recordType)
   at CsvHelper.CsvReader.GetRecords[T]()+MoveNext()
   at System.Collections.Generic.List`1..ctor(IEnumerable`1 collection)
   at System.Linq.Enumerable.ToList[TSource](IEnumerable`1 source)
   at Data.CSV`1.<>c__DisplayClass3_0.<RetrieveCsv>b__0() in D:\Projet\Adidy\Adidy\Models\CSV.cs:line 61
   at System.Threading.Tasks.Task`1.InnerInvoke()
   at System.Threading.ExecutionContext.RunFromThreadPoolDispatchLoop(Thread threadPoolThread, ExecutionContext executionContext, ContextCallback callback, Object state)
--- End of stack trace from previous location ---
   at System.Threading.ExecutionContext.RunFromThreadPoolDispatchLoop(Thread threadPoolThread, ExecutionContext executionContext, ContextCallback callback, Object state)
   at System.Threading.Tasks.Task.ExecuteWithThreadLocal(Task& currentTaskSlot, Thread threadPoolThread)
--- End of stack trace from previous location ---
   at Data.CSV`1.RetrieveCsv(StreamReader reader) in D:\Projet\Adidy\Adidy\Models\CSV.cs:line 50
   at Data.CSV`1.<>c__DisplayClass2_0.<<ImportFromIFormFile>b__0>d.MoveNext() in D:\Projet\Adidy\Adidy\Models\CSV.cs:line 34
--- End of stack trace from previous location ---
   at Data.CSV`1.ImportFromIFormFile(IFormFile file) in D:\Projet\Adidy\Adidy\Models\CSV.cs:line 22
   at Adidy.Controllers.AdminController.Import(ImportCsv data) in D:\Projet\Adidy\Adidy\Controllers\AdminController.cs:line 100
2024-10-04 23:12:17.4273|INFO|Adidy.Log.LoggerManager|Debut import
2024-10-04 23:12:17.4794|INFO|Adidy.Log.LoggerManager|fin import csv adidy
2024-10-04 23:12:17.4794|INFO|Adidy.Log.LoggerManager|fin import adidy
2024-10-04 23:12:17.4794|INFO|Adidy.Log.LoggerManager|fin import ikt
2024-10-04 23:13:45.1992|ERROR|Adidy.Log.LoggerManager|   at CsvHelper.Expressions.ObjectRecordCreator.CreateCreateRecordDelegate(Type recordType)
   at CsvHelper.Expressions.RecordCreator.GetCreateRecordDelegate[T](Type recordType)
   at CsvHelper.Expressions.RecordManager.GetReadDelegate[T](Type recordType)
   at CsvHelper.CsvReader.GetRecords[T]()+MoveNext()
   at System.Collections.Generic.List`1..ctor(IEnumerable`1 collection)
   at System.Linq.Enumerable.ToList[TSource](IEnumerable`1 source)
   at Data.CSV`1.<>c__DisplayClass3_0.<RetrieveCsv>b__0() in D:\Projet\Adidy\Adidy\Models\CSV.cs:line 61
   at System.Threading.Tasks.Task`1.InnerInvoke()
   at System.Threading.ExecutionContext.RunFromThreadPoolDispatchLoop(Thread threadPoolThread, ExecutionContext executionContext, ContextCallback callback, Object state)
--- End of stack trace from previous location ---
   at System.Threading.ExecutionContext.RunFromThreadPoolDispatchLoop(Thread threadPoolThread, ExecutionContext executionContext, ContextCallback callback, Object state)
   at System.Threading.Tasks.Task.ExecuteWithThreadLocal(Task& currentTaskSlot, Thread threadPoolThread)
--- End of stack trace from previous location ---
   at Data.CSV`1.RetrieveCsv(StreamReader reader) in D:\Projet\Adidy\Adidy\Models\CSV.cs:line 50
   at Data.CSV`1.<>c__DisplayClass2_0.<<ImportFromIFormFile>b__0>d.MoveNext() in D:\Projet\Adidy\Adidy\Models\CSV.cs:line 34
--- End of stack trace from previous location ---
   at Data.CSV`1.ImportFromIFormFile(IFormFile file) in D:\Projet\Adidy\Adidy\Models\CSV.cs:line 22
   at Adidy.Controllers.AdminController.Import(ImportCsv data) in D:\Projet\Adidy\Adidy\Controllers\AdminController.cs:line 94
2024-10-04 23:16:01.1258|ERROR|Adidy.Log.LoggerManager|   at Data.CSV`1.<>c__DisplayClass3_0.<RetrieveCsv>b__0()
   at System.Threading.Tasks.Task`1.InnerInvoke()
   at System.Threading.ExecutionContext.RunFromThreadPoolDispatchLoop(Thread threadPoolThread, ExecutionContext executionContext, ContextCallback callback, Object state)
--- End of stack trace from previous location ---
   at System.Threading.ExecutionContext.RunFromThreadPoolDispatchLoop(Thread threadPoolThread, ExecutionContext executionContext, ContextCallback callback, Object state)
   at System.Threading.Tasks.Task.ExecuteWithThreadLocal(Task& currentTaskSlot, Thread threadPoolThread)
--- End of stack trace from previous location ---
   at Data.CSV`1.RetrieveCsv(StreamReader reader)
   at Data.CSV`1.<>c__DisplayClass2_0.<<ImportFromIFormFile>b__0>d.MoveNext()
--- End of stack trace from previous location ---
   at Data.CSV`1.ImportFromIFormFile(IFormFile file)
   at Adidy.Controllers.AdminController.Import(ImportCsv data)
2024-10-04 23:16:39.0531|ERROR|Adidy.Log.LoggerManager|   at Data.CSV`1.<>c__DisplayClass3_0.<RetrieveCsv>b__0()
   at System.Threading.Tasks.Task`1.InnerInvoke()
   at System.Threading.ExecutionContext.RunFromThreadPoolDispatchLoop(Thread threadPoolThread, ExecutionContext executionContext, ContextCallback callback, Object state)
--- End of stack trace from previous location ---
   at System.Threading.ExecutionContext.RunFromThreadPoolDispatchLoop(Thread threadPoolThread, ExecutionContext executionContext, ContextCallback callback, Object state)
   at System.Threading.Tasks.Task.ExecuteWithThreadLocal(Task& currentTaskSlot, Thread threadPoolThread)
--- End of stack trace from previous location ---
   at Data.CSV`1.RetrieveCsv(StreamReader reader)
   at Data.CSV`1.<>c__DisplayClass2_0.<<ImportFromIFormFile>b__0>d.MoveNext()
--- End of stack trace from previous location ---
   at Data.CSV`1.ImportFromIFormFile(IFormFile file)
   at Adidy.Controllers.AdminController.Import(ImportCsv data)
2024-10-04 23:18:10.5988|ERROR|Adidy.Log.LoggerManager|   at CsvHelper.Expressions.ObjectRecordCreator.CreateCreateRecordDelegate(Type recordType)
   at CsvHelper.Expressions.RecordCreator.GetCreateRecordDelegate[T](Type recordType)
   at CsvHelper.Expressions.RecordManager.GetReadDelegate[T](Type recordType)
   at CsvHelper.CsvReader.GetRecords[T]()+MoveNext()
   at System.Collections.Generic.List`1..ctor(IEnumerable`1 collection)
   at System.Linq.Enumerable.ToList[TSource](IEnumerable`1 source)
   at Data.CSV`1.<>c__DisplayClass3_0.<RetrieveCsv>b__0() in D:\Projet\Adidy\Adidy\Models\CSV.cs:line 61
   at System.Threading.Tasks.Task`1.InnerInvoke()
   at System.Threading.ExecutionContext.RunFromThreadPoolDispatchLoop(Thread threadPoolThread, ExecutionContext executionContext, ContextCallback callback, Object state)
--- End of stack trace from previous location ---
   at System.Threading.ExecutionContext.RunFromThreadPoolDispatchLoop(Thread threadPoolThread, ExecutionContext executionContext, ContextCallback callback, Object state)
   at System.Threading.Tasks.Task.ExecuteWithThreadLocal(Task& currentTaskSlot, Thread threadPoolThread)
--- End of stack trace from previous location ---
   at Data.CSV`1.RetrieveCsv(StreamReader reader) in D:\Projet\Adidy\Adidy\Models\CSV.cs:line 50
   at Data.CSV`1.<>c__DisplayClass2_0.<<ImportFromIFormFile>b__0>d.MoveNext() in D:\Projet\Adidy\Adidy\Models\CSV.cs:line 34
--- End of stack trace from previous location ---
   at Data.CSV`1.ImportFromIFormFile(IFormFile file) in D:\Projet\Adidy\Adidy\Models\CSV.cs:line 22
   at Adidy.Controllers.AdminController.Import(ImportCsv data) in D:\Projet\Adidy\Adidy\Controllers\AdminController.cs:line 94
2024-10-04 23:19:22.9293|ERROR|Adidy.Log.LoggerManager|   at CsvHelper.Expressions.ObjectRecordCreator.CreateCreateRecordDelegate(Type recordType)
   at CsvHelper.Expressions.RecordCreator.GetCreateRecordDelegate[T](Type recordType)
   at CsvHelper.Expressions.RecordManager.GetReadDelegate[T](Type recordType)
   at CsvHelper.CsvReader.GetRecords[T]()+MoveNext()
   at System.Collections.Generic.List`1..ctor(IEnumerable`1 collection)
   at System.Linq.Enumerable.ToList[TSource](IEnumerable`1 source)
   at Data.CSV`1.<>c__DisplayClass2_0.<RetrieveCsv>b__0() in D:\Projet\Adidy\Adidy\Models\CSV.cs:line 68
   at System.Threading.Tasks.Task`1.InnerInvoke()
   at System.Threading.ExecutionContext.RunFromThreadPoolDispatchLoop(Thread threadPoolThread, ExecutionContext executionContext, ContextCallback callback, Object state)
--- End of stack trace from previous location ---
   at System.Threading.ExecutionContext.RunFromThreadPoolDispatchLoop(Thread threadPoolThread, ExecutionContext executionContext, ContextCallback callback, Object state)
   at System.Threading.Tasks.Task.ExecuteWithThreadLocal(Task& currentTaskSlot, Thread threadPoolThread)
--- End of stack trace from previous location ---
   at Data.CSV`1.RetrieveCsv(StreamReader reader) in D:\Projet\Adidy\Adidy\Models\CSV.cs:line 43
   at Data.CSV`1.<>c__DisplayClass1_0.<<ImportFromIFormFile>b__0>d.MoveNext() in D:\Projet\Adidy\Adidy\Models\CSV.cs:line 27
--- End of stack trace from previous location ---
   at Data.CSV`1.ImportFromIFormFile(IFormFile file) in D:\Projet\Adidy\Adidy\Models\CSV.cs:line 15
   at Adidy.Controllers.AdminController.Import(ImportCsv data) in D:\Projet\Adidy\Adidy\Controllers\AdminController.cs:line 94
2024-10-04 23:26:24.4451|ERROR|Adidy.Log.LoggerManager|   at CsvHelper.Expressions.ObjectRecordCreator.CreateCreateRecordDelegate(Type recordType)
   at CsvHelper.Expressions.RecordCreator.GetCreateRecordDelegate[T](Type recordType)
   at CsvHelper.Expressions.RecordManager.GetReadDelegate[T](Type recordType)
   at CsvHelper.CsvReader.GetRecords[T]()+MoveNext()
   at System.Collections.Generic.List`1..ctor(IEnumerable`1 collection)
   at System.Linq.Enumerable.ToList[TSource](IEnumerable`1 source)
   at Data.CSV`1.<>c__DisplayClass2_0.<RetrieveCsv>b__0() in D:\Projet\Adidy\Adidy\Models\CSV.cs:line 68
   at System.Threading.Tasks.Task`1.InnerInvoke()
   at System.Threading.ExecutionContext.RunFromThreadPoolDispatchLoop(Thread threadPoolThread, ExecutionContext executionContext, ContextCallback callback, Object state)
--- End of stack trace from previous location ---
   at System.Threading.ExecutionContext.RunFromThreadPoolDispatchLoop(Thread threadPoolThread, ExecutionContext executionContext, ContextCallback callback, Object state)
   at System.Threading.Tasks.Task.ExecuteWithThreadLocal(Task& currentTaskSlot, Thread threadPoolThread)
--- End of stack trace from previous location ---
   at Data.CSV`1.RetrieveCsv(StreamReader reader) in D:\Projet\Adidy\Adidy\Models\CSV.cs:line 43
   at Data.CSV`1.<>c__DisplayClass1_0.<<ImportFromIFormFile>b__0>d.MoveNext() in D:\Projet\Adidy\Adidy\Models\CSV.cs:line 27
--- End of stack trace from previous location ---
   at Data.CSV`1.ImportFromIFormFile(IFormFile file) in D:\Projet\Adidy\Adidy\Models\CSV.cs:line 15
   at Adidy.Controllers.AdminController.Import(ImportCsv data) in D:\Projet\Adidy\Adidy\Controllers\AdminController.cs:line 94
2024-10-04 23:28:25.4988|ERROR|Adidy.Log.LoggerManager|   at CsvHelper.Expressions.ObjectRecordCreator.CreateCreateRecordDelegate(Type recordType)
   at CsvHelper.Expressions.RecordCreator.GetCreateRecordDelegate[T](Type recordType)
   at CsvHelper.Expressions.RecordManager.GetReadDelegate[T](Type recordType)
   at CsvHelper.CsvReader.GetRecords[T]()+MoveNext()
   at System.Collections.Generic.List`1..ctor(IEnumerable`1 collection)
   at System.Linq.Enumerable.ToList[TSource](IEnumerable`1 source)
   at Data.CSV`1.<>c__DisplayClass2_0.<RetrieveCsv>b__0() in D:\Projet\Adidy\Adidy\Models\CSV.cs:line 68
   at System.Threading.Tasks.Task`1.InnerInvoke()
   at System.Threading.ExecutionContext.RunFromThreadPoolDispatchLoop(Thread threadPoolThread, ExecutionContext executionContext, ContextCallback callback, Object state)
--- End of stack trace from previous location ---
   at System.Threading.ExecutionContext.RunFromThreadPoolDispatchLoop(Thread threadPoolThread, ExecutionContext executionContext, ContextCallback callback, Object state)
   at System.Threading.Tasks.Task.ExecuteWithThreadLocal(Task& currentTaskSlot, Thread threadPoolThread)
--- End of stack trace from previous location ---
   at Data.CSV`1.RetrieveCsv(StreamReader reader) in D:\Projet\Adidy\Adidy\Models\CSV.cs:line 43
   at Data.CSV`1.<>c__DisplayClass1_0.<<ImportFromIFormFile>b__0>d.MoveNext() in D:\Projet\Adidy\Adidy\Models\CSV.cs:line 27
--- End of stack trace from previous location ---
   at Data.CSV`1.ImportFromIFormFile(IFormFile file) in D:\Projet\Adidy\Adidy\Models\CSV.cs:line 15
   at Adidy.Controllers.AdminController.Import(ImportCsv data) in D:\Projet\Adidy\Adidy\Controllers\AdminController.cs:line 94
2024-10-04 23:32:03.9949|INFO|Adidy.Log.LoggerManager|Debut import
2024-10-04 23:36:16.7410|ERROR|Adidy.Log.LoggerManager|   at Data.CSV`1.<>c__DisplayClass1_0.<<ImportFromIFormFile>b__0>d.MoveNext() in D:\Projet\Adidy\Adidy\Models\CSV.cs:line 30
--- End of stack trace from previous location ---
   at Data.CSV`1.ImportFromIFormFile(IFormFile file) in D:\Projet\Adidy\Adidy\Models\CSV.cs:line 15
   at Adidy.Controllers.AdminController.Import(ImportCsv data) in D:\Projet\Adidy\Adidy\Controllers\AdminController.cs:line 94
2024-10-04 23:38:16.2946|ERROR|Adidy.Log.LoggerManager|   at Npgsql.Internal.NpgsqlConnector.ReadMessageLong(Boolean async, DataRowLoadingMode dataRowLoadingMode, Boolean readingNotifications, Boolean isReadingPrependedMessage)
   at System.Runtime.CompilerServices.PoolingAsyncValueTaskMethodBuilder`1.StateMachineBox`1.System.Threading.Tasks.Sources.IValueTaskSource<TResult>.GetResult(Int16 token)
   at Npgsql.NpgsqlBinaryImporter.Complete(Boolean async, CancellationToken cancellationToken)
   at EFCore.BulkExtensions.SqlAdapters.PostgreSql.PostgreSqlAdapter.InsertAsync[T](DbContext context, IEnumerable`1 entities, TableInfo tableInfo, Action`1 progress, Boolean isAsync, CancellationToken cancellationToken)
   at EFCore.BulkExtensions.SqlAdapters.PostgreSql.PostgreSqlAdapter.InsertAsync[T](DbContext context, IEnumerable`1 entities, TableInfo tableInfo, Action`1 progress, Boolean isAsync, CancellationToken cancellationToken)
   at EFCore.BulkExtensions.SqlAdapters.PostgreSql.PostgreSqlAdapter.InsertAsync[T](DbContext context, Type type, IEnumerable`1 entities, TableInfo tableInfo, Action`1 progress, CancellationToken cancellationToken)
   at EFCore.BulkExtensions.SqlBulkOperation.InsertAsync[T](DbContext context, Type type, IEnumerable`1 entities, TableInfo tableInfo, Action`1 progress, CancellationToken cancellationToken)
   at EFCore.BulkExtensions.DbContextBulkTransaction.ExecuteAsync[T](DbContext context, Type type, IEnumerable`1 entities, OperationType operationType, BulkConfig bulkConfig, Action`1 progress, CancellationToken cancellationToken)
   at Adidy.Services.MpandrayService.BulkInsert(IEnumerable`1 mpandrays) in D:\Projet\Adidy\Adidy\Services\MpandrayService.cs:line 77
   at Adidy.Controllers.AdminController.Import(ImportCsv data) in D:\Projet\Adidy\Adidy\Controllers\AdminController.cs:line 95
2024-10-04 23:39:23.1363|INFO|Adidy.Log.LoggerManager|Debut import
2024-10-04 23:40:18.0190|ERROR|Adidy.Log.LoggerManager|   at System.Linq.ThrowHelper.ThrowArgumentNullException(ExceptionArgument argument)
   at System.Linq.Enumerable.TryGetNonEnumeratedCount[TSource](IEnumerable`1 source, Int32& count)
   at System.Linq.Enumerable.Any[TSource](IEnumerable`1 source)
   at Data.CSV`1.<>c__DisplayClass1_0.<<ImportFromIFormFile>b__0>d.MoveNext() in D:\Projet\Adidy\Adidy\Models\CSV.cs:line 30
--- End of stack trace from previous location ---
   at Data.CSV`1.ImportFromIFormFile(IFormFile file) in D:\Projet\Adidy\Adidy\Models\CSV.cs:line 15
   at Adidy.Controllers.AdminController.Import(ImportCsv data) in D:\Projet\Adidy\Adidy\Controllers\AdminController.cs:line 100
2024-10-04 23:40:26.1144|INFO|Adidy.Log.LoggerManager|Debut import
2024-10-04 23:41:35.7295|ERROR|Adidy.Log.LoggerManager|   at System.Linq.ThrowHelper.ThrowArgumentNullException(ExceptionArgument argument)
   at System.Linq.Enumerable.TryGetNonEnumeratedCount[TSource](IEnumerable`1 source, Int32& count)
   at System.Linq.Enumerable.Any[TSource](IEnumerable`1 source)
   at Data.CSV`1.<>c__DisplayClass1_0.<<ImportFromIFormFile>b__0>d.MoveNext() in D:\Projet\Adidy\Adidy\Models\CSV.cs:line 30
--- End of stack trace from previous location ---
   at Data.CSV`1.ImportFromIFormFile(IFormFile file) in D:\Projet\Adidy\Adidy\Models\CSV.cs:line 15
   at Adidy.Controllers.AdminController.Import(ImportCsv data) in D:\Projet\Adidy\Adidy\Controllers\AdminController.cs:line 100
2024-10-04 23:41:57.2238|INFO|Adidy.Log.LoggerManager|Debut import
2024-10-04 23:43:34.6097|INFO|Adidy.Log.LoggerManager|Debut import
2024-10-04 23:46:55.4542|INFO|Adidy.Log.LoggerManager|Debut import
2024-10-04 23:46:55.5279|ERROR|Adidy.Log.LoggerManager|   at Microsoft.AspNetCore.Http.ReferenceReadStream.Read(Byte[] buffer, Int32 offset, Int32 count)
   at System.IO.StreamReader.ReadBuffer(Span`1 userBuffer, Boolean& readToUserBuffer)
   at System.IO.StreamReader.ReadSpan(Span`1 buffer)
   at System.IO.StreamReader.Read(Char[] buffer, Int32 index, Int32 count)
   at CsvHelper.CsvParser.FillBuffer()
   at CsvHelper.CsvParser.Read()
   at CsvHelper.CsvReader.Read()
   at CsvHelper.CsvReader.GetRecords[T]()+MoveNext()
   at System.Collections.Generic.List`1..ctor(IEnumerable`1 collection)
   at System.Linq.Enumerable.ToList[TSource](IEnumerable`1 source)
   at Data.CSV`1.<>c__DisplayClass2_0.<RetrieveCsv>b__0()
   at System.Threading.Tasks.Task`1.InnerInvoke()
   at System.Threading.ExecutionContext.RunFromThreadPoolDispatchLoop(Thread threadPoolThread, ExecutionContext executionContext, ContextCallback callback, Object state)
--- End of stack trace from previous location ---
   at System.Threading.ExecutionContext.RunFromThreadPoolDispatchLoop(Thread threadPoolThread, ExecutionContext executionContext, ContextCallback callback, Object state)
   at System.Threading.Tasks.Task.ExecuteWithThreadLocal(Task& currentTaskSlot, Thread threadPoolThread)
--- End of stack trace from previous location ---
   at Data.CSV`1.RetrieveCsv(Stream stream)
   at Data.CSV`1.<>c__DisplayClass1_0.<<ImportFromIFormFile>b__0>d.MoveNext()
--- End of stack trace from previous location ---
   at Data.CSV`1.ImportFromIFormFile(IFormFile file)
   at Adidy.Controllers.AdminController.Import(ImportCsv data)
2024-10-04 23:48:27.7989|INFO|Adidy.Log.LoggerManager|Debut import
2024-10-04 23:51:13.6566|INFO|Adidy.Log.LoggerManager|Debut import
2024-10-04 23:51:56.0607|INFO|Adidy.Log.LoggerManager|Debut import
2024-10-04 23:54:37.6860|INFO|Adidy.Log.LoggerManager|Debut import
2024-10-04 23:55:47.9753|INFO|Adidy.Log.LoggerManager|Debut import
